<?xml version="1.0" encoding="UTF-8"?>
<!-- Generated by org.testng.reporters.JUnitReportReporter -->
<testsuite hostname="TYSS-Akash-Deb" failures="0" tests="3" name="vtiger.lead_module.ToCreateALeadTest" time="41.171" errors="0" timestamp="19 Feb 2024 07:33:47 GMT" skipped="0">
  <testcase classname="vtiger.lead_module.ToCreateALeadTest" name="toCreateALeadAndToVerifyTheLeadInfo" time="13.863"/>
  <testcase classname="vtiger.lead_module.ToCreateALeadTest" name="toCreateALeadAndToVerifyTheLeadInfo" time="13.427"/>
  <testcase classname="vtiger.lead_module.ToCreateALeadTest" name="toCreateALeadAndToVerifyTheLeadInfo" time="13.881"/>
</testsuite> <!-- vtiger.lead_module.ToCreateALeadTest -->
